<?xml version="1.0" encoding="UTF-8"?>
<!-- Generated by org.testng.reporters.JUnitReportReporter -->
<testsuite hostname="Ventive" name="com.qa.testcases.SanityBrokerTest" tests="7" failures="0" timestamp="22 Jan 2019 20:38:01 GMT" time="81.500" errors="0">
  <testcase name="verifyBrokerListings_SubmitLS1" time="11.555" classname="com.qa.testcases.SanityBrokerTest"/>
  <testcase name="verifyBrokerListings_SubmitBuyerUC" time="6.616" classname="com.qa.testcases.SanityBrokerTest"/>
  <testcase name="verifyLoginAsBroker1" time="14.181" classname="com.qa.testcases.SanityBrokerTest"/>
  <testcase name="verifyBrokerListings_AllListingsPage" time="16.851" classname="com.qa.testcases.SanityBrokerTest"/>
  <testcase name="verifyLogin" time="20.688" classname="com.qa.testcases.SanityBrokerTest"/>
  <testcase name="verifyBrokerListings_CommingSoonPage" time="5.884" classname="com.qa.testcases.SanityBrokerTest"/>
  <testcase name="verifyBrokerDashboard" time="5.725" classname="com.qa.testcases.SanityBrokerTest"/>
</testsuite> <!-- com.qa.testcases.SanityBrokerTest -->
