<?xml version="1.0" encoding="UTF-8"?>
<!-- Generated by org.testng.reporters.JUnitReportReporter -->
<testsuite hostname="Ventive" name="com.qa.testcases.OpenHouses_ListingsPageTest" tests="1" failures="0" timestamp="7 Jan 2019 01:12:07 GMT" time="62.409" errors="0">
  <testcase name="acSubmitListing" time="62.409" classname="com.qa.testcases.OpenHouses_ListingsPageTest"/>
</testsuite> <!-- com.qa.testcases.OpenHouses_ListingsPageTest -->
