<?xml version="1.0" encoding="UTF-8"?>
<!-- Generated by org.testng.reporters.JUnitReportReporter -->
<testsuite hostname="LAPTOP-BA9PSA1P" name="com.qa.testcases.SanityTCTest" tests="4" failures="0" timestamp="3 Feb 2019 03:39:06 GMT" time="58.483" errors="0">
  <testcase name="verifyGotoListingsDealsPage" time="13.905" classname="com.qa.testcases.SanityTCTest"/>
  <testcase name="verifyTCListingsDealsPage" time="15.945" classname="com.qa.testcases.SanityTCTest"/>
  <testcase name="verifyLoginAsTC1" time="9.944" classname="com.qa.testcases.SanityTCTest"/>
  <testcase name="verifyLogin" time="18.689" classname="com.qa.testcases.SanityTCTest"/>
</testsuite> <!-- com.qa.testcases.SanityTCTest -->
