<?xml version="1.0" encoding="UTF-8"?>
<!-- Generated by org.testng.reporters.JUnitReportReporter -->
<testsuite hostname="LAPTOP-BA9PSA1P" name="com.qa.testcases.Listings_DealsPageTest" tests="5" failures="0" timestamp="14 Feb 2019 05:12:59 GMT" time="75.053" errors="0">
  <testcase name="verifyGoToNewListingSubmission1Page" time="11.546" classname="com.qa.testcases.Listings_DealsPageTest"/>
  <testcase name="verifyBroker_Fill_LS1_1AgreementTab" time="6.744" classname="com.qa.testcases.Listings_DealsPageTest"/>
  <testcase name="verifyBroker_Fill_LS1_2PropertyOverview" time="22.392" classname="com.qa.testcases.Listings_DealsPageTest"/>
  <testcase name="verifyLoginAsBroker1" time="14.356" classname="com.qa.testcases.Listings_DealsPageTest"/>
  <testcase name="verifyLogin" time="20.015" classname="com.qa.testcases.Listings_DealsPageTest"/>
</testsuite> <!-- com.qa.testcases.Listings_DealsPageTest -->
