<?xml version="1.0" encoding="UTF-8"?>
<!-- Generated by org.testng.reporters.JUnitReportReporter -->
<testsuite hostname="Ventive" name="com.qa.testcases.Listings_DealsPageTest" tests="7" failures="0" timestamp="18 Feb 2019 04:00:59 GMT" time="110.548" errors="0">
  <testcase name="verifyBroker_Fill_LS1_2PropertyOverview" time="33.937" classname="com.qa.testcases.Listings_DealsPageTest"/>
  <testcase name="verifyGoToNewListingSubmission1Page" time="11.034" classname="com.qa.testcases.Listings_DealsPageTest"/>
  <testcase name="verifyBroker_Fill_LS1_1AgreementTab" time="6.617" classname="com.qa.testcases.Listings_DealsPageTest"/>
  <testcase name="verifyBroker_Fill_LS1_3FieldServices" time="16.354" classname="com.qa.testcases.Listings_DealsPageTest"/>
  <testcase name="verifyLoginAsBroker1" time="12.830" classname="com.qa.testcases.Listings_DealsPageTest"/>
  <testcase name="verifyLogin" time="20.040" classname="com.qa.testcases.Listings_DealsPageTest"/>
  <testcase name="verifyBroker_Fill_LS1_4Photography" time="9.736" classname="com.qa.testcases.Listings_DealsPageTest"/>
</testsuite> <!-- com.qa.testcases.Listings_DealsPageTest -->
