<?xml version="1.0" encoding="UTF-8"?>
<!-- Generated by org.testng.reporters.JUnitReportReporter -->
<testsuite hostname="Ventive" name="com.qa.testcases.ExcelDataLoginTest" tests="1" failures="0" timestamp="7 Jan 2019 00:57:20 GMT" time="13.063" errors="0">
  <testcase name="loginTest" time="13.063" classname="com.qa.testcases.ExcelDataLoginTest"/>
</testsuite> <!-- com.qa.testcases.ExcelDataLoginTest -->
