<?xml version="1.0" encoding="UTF-8"?>
<!-- Generated by org.testng.reporters.JUnitReportReporter -->
<testsuite hostname="Ventive" name="com.qa.testcases.TC_Listings_DealsPageTest" tests="12" failures="0" timestamp="4 Mar 2019 02:15:06 GMT" time="103.306" errors="0">
  <testcase name="verifyTC_Approve_LS1_4PhotographyTab" time="7.032" classname="com.qa.testcases.TC_Listings_DealsPageTest"/>
  <testcase name="verifyTC_TakeLs1Task_From_Dashboard" time="11.560" classname="com.qa.testcases.TC_Listings_DealsPageTest"/>
  <testcase name="verifyTC_Approve_LS1_5AccessTab" time="8.065" classname="com.qa.testcases.TC_Listings_DealsPageTest"/>
  <testcase name="verifyTC_Reject_LS1_7SummaryTab" time="5.275" classname="com.qa.testcases.TC_Listings_DealsPageTest"/>
  <testcase name="verifyTC_Approve_LS1_1AgreementTab" time="5.678" classname="com.qa.testcases.TC_Listings_DealsPageTest"/>
  <testcase name="verifyTC_Approve_LS1_3FieldServicesTab" time="7.289" classname="com.qa.testcases.TC_Listings_DealsPageTest"/>
  <testcase name="verifyLogin" time="20.669" classname="com.qa.testcases.TC_Listings_DealsPageTest"/>
  <testcase name="verifyLoginAsTC1" time="13.048" classname="com.qa.testcases.TC_Listings_DealsPageTest"/>
  <testcase name="verifyTC_Approve_LS1_7SummaryTab" time="5.325" classname="com.qa.testcases.TC_Listings_DealsPageTest"/>
  <testcase name="verifyTC_Approve_LS1_2PropertyOverviewTab" time="6.951" classname="com.qa.testcases.TC_Listings_DealsPageTest"/>
  <testcase name="verifyTC_Approve_LS1_6OpenhousesTab" time="6.480" classname="com.qa.testcases.TC_Listings_DealsPageTest"/>
  <testcase name="verifyTC_Reject_LS1_6OpenhousesTab" time="5.934" classname="com.qa.testcases.TC_Listings_DealsPageTest"/>
</testsuite> <!-- com.qa.testcases.TC_Listings_DealsPageTest -->
