<?xml version="1.0" encoding="UTF-8"?>
<!-- Generated by org.testng.reporters.JUnitReportReporter -->
<testsuite hostname="Ventive" name="com.qa.testcases.LoginPageTest" tests="3" failures="0" timestamp="21 Jan 2019 03:18:16 GMT" time="75.044" errors="0">
  <testcase name="verifyloginPageTitle" time="0.024" classname="com.qa.testcases.LoginPageTest"/>
  <testcase name="verifyLogout" time="59.777" classname="com.qa.testcases.LoginPageTest"/>
  <testcase name="verifyLogin" time="15.243" classname="com.qa.testcases.LoginPageTest"/>
</testsuite> <!-- com.qa.testcases.LoginPageTest -->
