<?xml version="1.0" encoding="UTF-8"?>
<!-- Generated by org.testng.reporters.JUnitReportReporter -->
<testsuite hostname="LAPTOP-BA9PSA1P" name="com.qa.testcases.TC_Listings_DealsPageTest" tests="5" failures="0" timestamp="25 Feb 2019 03:37:38 GMT" time="57.146" errors="0">
  <testcase name="verifyTC_TakeLs1Task_From_Dashboard" time="11.416" classname="com.qa.testcases.TC_Listings_DealsPageTest"/>
  <testcase name="verifyTC_Approve_LS1_2PropertyOverviewTab" time="6.388" classname="com.qa.testcases.TC_Listings_DealsPageTest"/>
  <testcase name="verifyLoginAsTC1" time="10.191" classname="com.qa.testcases.TC_Listings_DealsPageTest"/>
  <testcase name="verifyTC_Approve_LS1_1AgreementTab" time="10.386" classname="com.qa.testcases.TC_Listings_DealsPageTest"/>
  <testcase name="verifyLogin" time="18.765" classname="com.qa.testcases.TC_Listings_DealsPageTest"/>
</testsuite> <!-- com.qa.testcases.TC_Listings_DealsPageTest -->
