<?xml version="1.0" encoding="UTF-8"?>
<!-- Generated by org.testng.reporters.JUnitReportReporter -->
<testsuite hostname="Ventive" name="com.qa.testcases.LoginPageTest" tests="2" failures="0" timestamp="11 Jan 2019 19:52:40 GMT" time="57.493" errors="0">
  <testcase name="loginPageTitleTest" time="8.554" classname="com.qa.testcases.LoginPageTest"/>
  <testcase name="loginTest" time="48.939" classname="com.qa.testcases.LoginPageTest"/>
</testsuite> <!-- com.qa.testcases.LoginPageTest -->
