<?xml version="1.0" encoding="UTF-8"?>
<!-- Generated by org.testng.reporters.JUnitReportReporter -->
<testsuite hostname="Ventive" name="com.qa.testcases.SanityBrokerTest" tests="1" failures="0" timestamp="21 Jan 2019 00:58:42 GMT" time="77.831" errors="0">
  <testcase name="sanityTestBrokerAllPages" time="77.831" classname="com.qa.testcases.SanityBrokerTest"/>
</testsuite> <!-- com.qa.testcases.SanityBrokerTest -->
