<?xml version="1.0" encoding="UTF-8"?>
<!-- Generated by org.testng.reporters.JUnitReportReporter -->
<testsuite hostname="Ventive" name="com.qa.testcases.SanityBrokerTest" tests="1" failures="0" timestamp="17 Jan 2019 22:28:37 GMT" time="67.809" errors="0">
  <testcase name="sanityTestBrokerAllPages" time="67.809" classname="com.qa.testcases.SanityBrokerTest"/>
</testsuite> <!-- com.qa.testcases.SanityBrokerTest -->
