<?xml version="1.0" encoding="UTF-8"?>
<!-- Generated by org.testng.reporters.JUnitReportReporter -->
<testsuite hostname="LAPTOP-BA9PSA1P" name="com.qa.testcases.Listings_DealsPageTest" tests="5" failures="0" timestamp="17 Feb 2019 01:23:58 GMT" time="73.395" errors="0">
  <testcase name="verifyBroker_Fill_LS1_2PropertyOverview" time="25.387" classname="com.qa.testcases.Listings_DealsPageTest"/>
  <testcase name="verifyGoToNewListingSubmission1Page" time="10.503" classname="com.qa.testcases.Listings_DealsPageTest"/>
  <testcase name="verifyBroker_Fill_LS1_1AgreementTab" time="6.349" classname="com.qa.testcases.Listings_DealsPageTest"/>
  <testcase name="verifyLoginAsBroker1" time="12.419" classname="com.qa.testcases.Listings_DealsPageTest"/>
  <testcase name="verifyLogin" time="18.737" classname="com.qa.testcases.Listings_DealsPageTest"/>
</testsuite> <!-- com.qa.testcases.Listings_DealsPageTest -->
