<?xml version="1.0" encoding="UTF-8"?>
<!-- Generated by org.testng.reporters.JUnitReportReporter -->
<testsuite hostname="Ventive" name="com.qa.testcases.TC_Listings_DealsPageTest" tests="7" failures="0" timestamp="1 Mar 2019 22:24:52 GMT" time="89.994" errors="0">
  <testcase name="verifyTC_TakeLs1Task_From_Dashboard" time="11.638" classname="com.qa.testcases.TC_Listings_DealsPageTest"/>
  <testcase name="verifyTC_Approve_LS1_2PropertyOverviewTab" time="12.226" classname="com.qa.testcases.TC_Listings_DealsPageTest"/>
  <testcase name="verifyTC_Approve_LS1_4PhotographyTab" time="12.019" classname="com.qa.testcases.TC_Listings_DealsPageTest"/>
  <testcase name="verifyLoginAsTC1" time="10.453" classname="com.qa.testcases.TC_Listings_DealsPageTest"/>
  <testcase name="verifyTC_Approve_LS1_1AgreementTab" time="10.876" classname="com.qa.testcases.TC_Listings_DealsPageTest"/>
  <testcase name="verifyTC_Approve_LS1_3FieldServicesTab" time="12.284" classname="com.qa.testcases.TC_Listings_DealsPageTest"/>
  <testcase name="verifyLogin" time="20.498" classname="com.qa.testcases.TC_Listings_DealsPageTest"/>
</testsuite> <!-- com.qa.testcases.TC_Listings_DealsPageTest -->
