<?xml version="1.0" encoding="UTF-8"?>
<!-- Generated by org.testng.reporters.JUnitReportReporter -->
<testsuite hostname="LAPTOP-BA9PSA1P" name="com.qa.testcases.SanityTCTest" tests="3" failures="0" timestamp="3 Feb 2019 02:25:50 GMT" time="34.694" errors="0">
  <testcase name="verifyBrokerDashboard" time="6.028" classname="com.qa.testcases.SanityTCTest"/>
  <testcase name="verifyLoginAsTC1" time="9.919" classname="com.qa.testcases.SanityTCTest"/>
  <testcase name="verifyLogin" time="18.747" classname="com.qa.testcases.SanityTCTest"/>
</testsuite> <!-- com.qa.testcases.SanityTCTest -->
