<?xml version="1.0" encoding="UTF-8"?>
<!-- Generated by org.testng.reporters.JUnitReportReporter -->
<testsuite hostname="Ventive" name="com.qa.testcases.SanityTCTest" tests="6" failures="0" timestamp="7 Feb 2019 22:41:30 GMT" time="75.604" errors="0">
  <testcase name="verifyTCListingsDealsPage" time="17.099" classname="com.qa.testcases.SanityTCTest"/>
  <testcase name="verifyGotoListingsDealsPage" time="14.338" classname="com.qa.testcases.SanityTCTest"/>
  <testcase name="verifyTCDashboard" time="6.946" classname="com.qa.testcases.SanityTCTest"/>
  <testcase name="verifyLoginAsTC1" time="11.164" classname="com.qa.testcases.SanityTCTest"/>
  <testcase name="verifyCRMBetaLink" time="5.089" classname="com.qa.testcases.SanityTCTest"/>
  <testcase name="verifyLogin" time="20.968" classname="com.qa.testcases.SanityTCTest"/>
</testsuite> <!-- com.qa.testcases.SanityTCTest -->
