<?xml version="1.0" encoding="UTF-8"?>
<!-- Generated by org.testng.reporters.JUnitReportReporter -->
<testsuite hostname="Ventive" name="com.qa.testcases.LoginPageTest" tests="2" failures="0" timestamp="14 Jan 2019 02:20:46 GMT" time="56.376" errors="0">
  <testcase name="loginPageTitleTest" time="6.592" classname="com.qa.testcases.LoginPageTest"/>
  <testcase name="loginTest" time="49.784" classname="com.qa.testcases.LoginPageTest"/>
</testsuite> <!-- com.qa.testcases.LoginPageTest -->
