<?xml version="1.0" encoding="UTF-8"?>
<!-- Generated by org.testng.reporters.JUnitReportReporter -->
<testsuite hostname="Ventive" name="tests.LoginTest" tests="1" failures="0" timestamp="2 Jan 2019 04:16:25 GMT" time="9.224" errors="0">
  <testcase name="loginTest" time="9.224" classname="tests.LoginTest"/>
</testsuite> <!-- tests.LoginTest -->
