<?xml version="1.0" encoding="UTF-8"?>
<!-- Generated by org.testng.reporters.JUnitReportReporter -->
<testsuite hostname="Ventive" name="com.qa.testcases.Listings_DealsPageTest" tests="1" failures="0" timestamp="13 Jan 2019 01:31:07 GMT" time="55.179" errors="0">
  <testcase name="brokerSubmitLS1" time="55.179" classname="com.qa.testcases.Listings_DealsPageTest"/>
</testsuite> <!-- com.qa.testcases.Listings_DealsPageTest -->
