<?xml version="1.0" encoding="UTF-8"?>
<!-- Generated by org.testng.reporters.JUnitReportReporter -->
<testsuite hostname="Ventive" name="com.qa.testcases.ExcelDataLoginTest" tests="1" failures="0" timestamp="11 Jan 2019 03:05:42 GMT" time="8.897" errors="0">
  <testcase name="loginTest" time="8.897" classname="com.qa.testcases.ExcelDataLoginTest"/>
</testsuite> <!-- com.qa.testcases.ExcelDataLoginTest -->
