<?xml version="1.0" encoding="UTF-8"?>
<!-- Generated by org.testng.reporters.JUnitReportReporter -->
<testsuite hostname="LAPTOP-BA9PSA1P" name="com.qa.testcases.SanityTCTest" tests="6" failures="0" timestamp="3 Feb 2019 03:42:04 GMT" time="70.458" errors="0">
  <testcase name="verifyTCListingsDealsPage" time="15.920" classname="com.qa.testcases.SanityTCTest"/>
  <testcase name="verifyTCDashboard" time="6.053" classname="com.qa.testcases.SanityTCTest"/>
  <testcase name="verifyLoginAsTC1" time="10.830" classname="com.qa.testcases.SanityTCTest"/>
  <testcase name="verifyLogin" time="18.873" classname="com.qa.testcases.SanityTCTest"/>
  <testcase name="verifyGotoListingsDealsPage" time="13.751" classname="com.qa.testcases.SanityTCTest"/>
  <testcase name="verifyCRMBetaLink" time="5.031" classname="com.qa.testcases.SanityTCTest"/>
</testsuite> <!-- com.qa.testcases.SanityTCTest -->
