<?xml version="1.0" encoding="UTF-8"?>
<!-- Generated by org.testng.reporters.JUnitReportReporter -->
<testsuite hostname="Ventive" name="com.qa.testcases.OpenHouses_ListingsPageTest" tests="3" failures="0" timestamp="10 Feb 2019 01:55:01 GMT" time="67.109" errors="0">
  <testcase name="verifyGoToOpenHousesSchedulePage" time="18.155" classname="com.qa.testcases.OpenHouses_ListingsPageTest"/>
  <testcase name="verifyACSubmitListing" time="34.058" classname="com.qa.testcases.OpenHouses_ListingsPageTest"/>
  <testcase name="verifyLogin" time="14.896" classname="com.qa.testcases.OpenHouses_ListingsPageTest"/>
</testsuite> <!-- com.qa.testcases.OpenHouses_ListingsPageTest -->
