<?xml version="1.0" encoding="UTF-8"?>
<!-- Generated by org.testng.reporters.JUnitReportReporter -->
<testsuite hostname="LAPTOP-BA9PSA1P" name="com.qa.testcases.SanityTCTest" tests="6" failures="0" timestamp="17 Feb 2019 03:09:13 GMT" time="70.372" errors="0">
  <testcase name="verifyTCListingsDealsPage" time="15.969" classname="com.qa.testcases.SanityTCTest"/>
  <testcase name="verifyGotoListingsDealsPage" time="14.156" classname="com.qa.testcases.SanityTCTest"/>
  <testcase name="verifyTCDashboard" time="6.307" classname="com.qa.testcases.SanityTCTest"/>
  <testcase name="verifyLoginAsTC1" time="10.163" classname="com.qa.testcases.SanityTCTest"/>
  <testcase name="verifyCRMBetaLink" time="5.047" classname="com.qa.testcases.SanityTCTest"/>
  <testcase name="verifyLogin" time="18.730" classname="com.qa.testcases.SanityTCTest"/>
</testsuite> <!-- com.qa.testcases.SanityTCTest -->
