<?xml version="1.0" encoding="UTF-8"?>
<!-- Generated by org.testng.reporters.JUnitReportReporter -->
<testsuite hostname="Ventive" name="com.qa.testcases.Listings_DealsPageTest" tests="10" failures="0" timestamp="21 Feb 2019 00:31:15 GMT" time="153.996" errors="0">
  <testcase name="verifyGoToNewListingSubmission1Page" time="11.642" classname="com.qa.testcases.Listings_DealsPageTest"/>
  <testcase name="verifyBroker_Fill_LS1_1AgreementTab" time="6.622" classname="com.qa.testcases.Listings_DealsPageTest"/>
  <testcase name="verifyLogin" time="20.556" classname="com.qa.testcases.Listings_DealsPageTest"/>
  <testcase name="verifyBroker_Fill_LS1_5Access" time="24.930" classname="com.qa.testcases.Listings_DealsPageTest"/>
  <testcase name="verifyLoginAsBroker1" time="13.434" classname="com.qa.testcases.Listings_DealsPageTest"/>
  <testcase name="verifyBroker_Fill_LS1_4Photography" time="10.158" classname="com.qa.testcases.Listings_DealsPageTest"/>
  <testcase name="verifyBroker_Fill_LS1_2PropertyOverview" time="31.143" classname="com.qa.testcases.Listings_DealsPageTest"/>
  <testcase name="verifyBroker_Fill_LS1_6OpenHouses" time="8.816" classname="com.qa.testcases.Listings_DealsPageTest"/>
  <testcase name="verifyBroker_Fill_LS1_7SummaryTab" time="8.735" classname="com.qa.testcases.Listings_DealsPageTest"/>
  <testcase name="verifyBroker_Fill_LS1_3FieldServices" time="17.960" classname="com.qa.testcases.Listings_DealsPageTest"/>
</testsuite> <!-- com.qa.testcases.Listings_DealsPageTest -->
