<?xml version="1.0" encoding="UTF-8"?>
<!-- Generated by org.testng.reporters.JUnitReportReporter -->
<testsuite hostname="Ventive" name="com.qa.testcases.Listings_DealsPageTest" tests="6" failures="0" timestamp="18 Feb 2019 03:10:31 GMT" time="101.206" errors="0">
  <testcase name="verifyBroker_Fill_LS1_2PropertyOverview" time="33.649" classname="com.qa.testcases.Listings_DealsPageTest"/>
  <testcase name="verifyGoToNewListingSubmission1Page" time="11.102" classname="com.qa.testcases.Listings_DealsPageTest"/>
  <testcase name="verifyBroker_Fill_LS1_1AgreementTab" time="6.645" classname="com.qa.testcases.Listings_DealsPageTest"/>
  <testcase name="verifyBroker_Fill_LS1_3FieldServices" time="16.487" classname="com.qa.testcases.Listings_DealsPageTest"/>
  <testcase name="verifyLoginAsBroker1" time="12.831" classname="com.qa.testcases.Listings_DealsPageTest"/>
  <testcase name="verifyLogin" time="20.492" classname="com.qa.testcases.Listings_DealsPageTest"/>
</testsuite> <!-- com.qa.testcases.Listings_DealsPageTest -->
