<?xml version="1.0" encoding="UTF-8"?>
<!-- Generated by org.testng.reporters.JUnitReportReporter -->
<testsuite hostname="LAPTOP-BA9PSA1P" name="com.qa.testcases.ExcelDataLoginTest" tests="1" failures="0" timestamp="29 Jan 2019 03:04:25 GMT" time="10.040" errors="0">
  <testcase name="loginTest" time="10.040" classname="com.qa.testcases.ExcelDataLoginTest"/>
</testsuite> <!-- com.qa.testcases.ExcelDataLoginTest -->
