<?xml version="1.0" encoding="UTF-8"?>
<!-- Generated by org.testng.reporters.JUnitReportReporter -->
<testsuite hostname="Ventive" name="com.qa.testcases.ExcelDataLoginTest" tests="1" failures="0" timestamp="15 Jan 2019 18:53:16 GMT" time="10.149" errors="0">
  <testcase name="loginTest" time="10.149" classname="com.qa.testcases.ExcelDataLoginTest"/>
</testsuite> <!-- com.qa.testcases.ExcelDataLoginTest -->
