<?xml version="1.0" encoding="UTF-8"?>
<!-- Generated by org.testng.reporters.JUnitReportReporter -->
<testsuite hostname="LAPTOP-BA9PSA1P" name="com.qa.testcases.Listings_DealsPageTest" tests="5" failures="0" timestamp="13 Feb 2019 05:20:08 GMT" time="66.508" errors="0">
  <testcase name="verifyGoToNewListingSubmission1Page" time="11.605" classname="com.qa.testcases.Listings_DealsPageTest"/>
  <testcase name="verifyBroker_Fill_LS1_1AgreementTab" time="6.683" classname="com.qa.testcases.Listings_DealsPageTest"/>
  <testcase name="verifyLoginAsBroker1" time="12.946" classname="com.qa.testcases.Listings_DealsPageTest"/>
  <testcase name="verifyBroker_Fill_LS1_2PropertyOverview" time="15.291" classname="com.qa.testcases.Listings_DealsPageTest"/>
  <testcase name="verifyLogin" time="19.983" classname="com.qa.testcases.Listings_DealsPageTest"/>
</testsuite> <!-- com.qa.testcases.Listings_DealsPageTest -->
