<?xml version="1.0" encoding="UTF-8"?>
<!-- Generated by org.testng.reporters.JUnitReportReporter -->
<testsuite hostname="LAPTOP-BA9PSA1P" name="com.qa.testcases.SanityBrokerTest" tests="16" failures="0" timestamp="17 Feb 2019 03:06:31 GMT" time="128.044" errors="0">
  <testcase name="verifyGoToMyADRPage" time="11.072" classname="com.qa.testcases.SanityBrokerTest"/>
  <testcase name="verifyBrokerDashboard" time="5.401" classname="com.qa.testcases.SanityBrokerTest"/>
  <testcase name="verifyBrokerListings_MyDealsPage" time="7.482" classname="com.qa.testcases.SanityBrokerTest"/>
  <testcase name="verifyPendingFeedbackPage" time="4.234" classname="com.qa.testcases.SanityBrokerTest"/>
  <testcase name="verifyLoginAsBroker1" time="12.320" classname="com.qa.testcases.SanityBrokerTest"/>
  <testcase name="verifyBrokerListings_AllListingsPage" time="16.520" classname="com.qa.testcases.SanityBrokerTest"/>
  <testcase name="verifyBrokerListings_SubmitBuyerUC" time="6.420" classname="com.qa.testcases.SanityBrokerTest"/>
  <testcase name="verifyMyFeedbackPage" time="4.102" classname="com.qa.testcases.SanityBrokerTest"/>
  <testcase name="verifyMyReportADRPage" time="0.252" classname="com.qa.testcases.SanityBrokerTest"/>
  <testcase name="verifyLinks" time="0.334" classname="com.qa.testcases.SanityBrokerTest"/>
  <testcase name="verifyLogin" time="18.835" classname="com.qa.testcases.SanityBrokerTest"/>
  <testcase name="verifyBrokerListings_SubmitLS1" time="12.709" classname="com.qa.testcases.SanityBrokerTest"/>
  <testcase name="verifyCRMBetaLink" time="5.040" classname="com.qa.testcases.SanityBrokerTest"/>
  <testcase name="verifyBrokerListings_CommingSoonPage" time="4.620" classname="com.qa.testcases.SanityBrokerTest"/>
  <testcase name="verifyBrokerListings_ArchivedListingsPage" time="4.677" classname="com.qa.testcases.SanityBrokerTest"/>
  <testcase name="verifyGoToOpenHousesSchedulePage" time="14.026" classname="com.qa.testcases.SanityBrokerTest"/>
</testsuite> <!-- com.qa.testcases.SanityBrokerTest -->
