<?xml version="1.0" encoding="UTF-8"?>
<!-- Generated by org.testng.reporters.JUnitReportReporter -->
<testsuite hostname="Ventive" name="com.qa.testcases.LoginPageTest" tests="2" failures="0" timestamp="11 Jan 2019 02:54:37 GMT" time="63.665" errors="0">
  <testcase name="loginPageTitleTest" time="12.501" classname="com.qa.testcases.LoginPageTest"/>
  <testcase name="loginTest" time="51.164" classname="com.qa.testcases.LoginPageTest"/>
</testsuite> <!-- com.qa.testcases.LoginPageTest -->
