<?xml version="1.0" encoding="UTF-8"?>
<!-- Generated by org.testng.reporters.JUnitReportReporter -->
<testsuite hostname="Ventive" name="com.qa.testcases.SanityTCTest" tests="6" failures="0" timestamp="26 Mar 2019 22:52:32 GMT" time="74.031" errors="0">
  <testcase name="verifyTCListingsDealsPage" time="16.737" classname="com.qa.testcases.SanityTCTest"/>
  <testcase name="verifyGotoListingsDealsPage" time="12.840" classname="com.qa.testcases.SanityTCTest"/>
  <testcase name="verifyTCDashboard" time="6.785" classname="com.qa.testcases.SanityTCTest"/>
  <testcase name="verifyLoginAsTC1" time="11.174" classname="com.qa.testcases.SanityTCTest"/>
  <testcase name="verifyCRMBetaLink" time="5.105" classname="com.qa.testcases.SanityTCTest"/>
  <testcase name="verifyLogin" time="21.390" classname="com.qa.testcases.SanityTCTest"/>
</testsuite> <!-- com.qa.testcases.SanityTCTest -->
