<?xml version="1.0" encoding="UTF-8"?>
<!-- Generated by org.testng.reporters.JUnitReportReporter -->
<testsuite hostname="Ventive" name="com.qa.testcases.LoginPageTest" tests="2" failures="0" timestamp="17 Jan 2019 21:09:23 GMT" time="65.660" errors="0">
  <testcase name="loginPageTitleTest" time="8.373" classname="com.qa.testcases.LoginPageTest"/>
  <testcase name="loginTest" time="57.287" classname="com.qa.testcases.LoginPageTest"/>
</testsuite> <!-- com.qa.testcases.LoginPageTest -->
