<?xml version="1.0" encoding="UTF-8"?>
<!-- Generated by org.testng.reporters.JUnitReportReporter -->
<testsuite hostname="Ventive" name="com.qa.testcases.TC_Listings_DealsPageTest" tests="8" failures="0" timestamp="4 Mar 2019 01:11:34 GMT" time="108.454" errors="0">
  <testcase name="verifyTC_Approve_LS1_4PhotographyTab" time="12.749" classname="com.qa.testcases.TC_Listings_DealsPageTest"/>
  <testcase name="verifyTC_TakeLs1Task_From_Dashboard" time="11.881" classname="com.qa.testcases.TC_Listings_DealsPageTest"/>
  <testcase name="verifyTC_Approve_LS1_5AccessTab" time="14.033" classname="com.qa.testcases.TC_Listings_DealsPageTest"/>
  <testcase name="verifyTC_Approve_LS1_1AgreementTab" time="10.710" classname="com.qa.testcases.TC_Listings_DealsPageTest"/>
  <testcase name="verifyLogin" time="20.826" classname="com.qa.testcases.TC_Listings_DealsPageTest"/>
  <testcase name="verifyTC_Approve_LS1_3FieldServicesTab" time="12.694" classname="com.qa.testcases.TC_Listings_DealsPageTest"/>
  <testcase name="verifyLoginAsTC1" time="12.405" classname="com.qa.testcases.TC_Listings_DealsPageTest"/>
  <testcase name="verifyTC_Approve_LS1_2PropertyOverviewTab" time="13.156" classname="com.qa.testcases.TC_Listings_DealsPageTest"/>
</testsuite> <!-- com.qa.testcases.TC_Listings_DealsPageTest -->
