<?xml version="1.0" encoding="UTF-8"?>
<!-- Generated by org.testng.reporters.JUnitReportReporter -->
<testsuite hostname="Ventive" name="com.qa.testcases.SanityBrokerTest" tests="1" failures="0" timestamp="21 Jan 2019 02:26:45 GMT" time="69.169" errors="0">
  <testcase name="sanityTestBrokerAllPages" time="69.169" classname="com.qa.testcases.SanityBrokerTest"/>
</testsuite> <!-- com.qa.testcases.SanityBrokerTest -->
