<?xml version="1.0" encoding="UTF-8"?>
<!-- Generated by org.testng.reporters.JUnitReportReporter -->
<testsuite hostname="Ventive" name="com.qa.testcases.Listings_DealsPageTest" tests="1" failures="0" timestamp="14 Jan 2019 02:20:46 GMT" time="52.850" errors="0">
  <testcase name="brokerSubmitLS1" time="52.850" classname="com.qa.testcases.Listings_DealsPageTest"/>
</testsuite> <!-- com.qa.testcases.Listings_DealsPageTest -->
