<?xml version="1.0" encoding="UTF-8"?>
<!-- Generated by org.testng.reporters.JUnitReportReporter -->
<testsuite hostname="Ventive" name="com.qa.testcases.SanityBrokerTest" tests="6" failures="0" timestamp="21 Jan 2019 03:05:26 GMT" time="123.190" errors="0">
  <testcase name="verifyBrokerListings_SubmitLS1" time="17.861" classname="com.qa.testcases.SanityBrokerTest"/>
  <testcase name="verifyBrokerListings_SubmitBuyerUC" time="6.593" classname="com.qa.testcases.SanityBrokerTest"/>
  <testcase name="verifyBrokerListings_CommingSoonPage" time="15.858" classname="com.qa.testcases.SanityBrokerTest"/>
  <testcase name="verifyLoginAsBroker1" time="43.766" classname="com.qa.testcases.SanityBrokerTest"/>
  <testcase name="verifyLogin" time="33.398" classname="com.qa.testcases.SanityBrokerTest"/>
  <testcase name="verifyBrokerDashboard" time="5.714" classname="com.qa.testcases.SanityBrokerTest"/>
</testsuite> <!-- com.qa.testcases.SanityBrokerTest -->
