<?xml version="1.0" encoding="UTF-8"?>
<!-- Generated by org.testng.reporters.JUnitReportReporter -->
<testsuite hostname="Ventive" name="com.qa.testcases.ExcelDataLoginTest" tests="1" failures="0" timestamp="7 Jan 2019 01:25:20 GMT" time="8.581" errors="0">
  <testcase name="loginTest" time="8.581" classname="com.qa.testcases.ExcelDataLoginTest"/>
</testsuite> <!-- com.qa.testcases.ExcelDataLoginTest -->
