<?xml version="1.0" encoding="UTF-8"?>
<!-- Generated by org.testng.reporters.JUnitReportReporter -->
<testsuite hostname="Ventive" name="com.qa.testcases.OpenHouses_ListingsPageTest" tests="1" failures="0" timestamp="7 Jan 2019 01:25:20 GMT" time="64.266" errors="0">
  <testcase name="acSubmitListing" time="64.266" classname="com.qa.testcases.OpenHouses_ListingsPageTest"/>
</testsuite> <!-- com.qa.testcases.OpenHouses_ListingsPageTest -->
