<?xml version="1.0" encoding="UTF-8"?>
<!-- Generated by org.testng.reporters.JUnitReportReporter -->
<testsuite hostname="Ventive" name="com.qa.testcases.LoginPageTest" tests="2" failures="0" timestamp="7 Jan 2019 01:25:20 GMT" time="50.944" errors="0">
  <testcase name="loginPageTitleTest" time="5.729" classname="com.qa.testcases.LoginPageTest"/>
  <testcase name="loginTest" time="45.215" classname="com.qa.testcases.LoginPageTest"/>
</testsuite> <!-- com.qa.testcases.LoginPageTest -->
